<?xml version="1.0" encoding="UTF-8"?>
<testng-results skipped="0" failed="0" ignored="0" total="1" passed="1">
  <reporter-output>
  </reporter-output>
  <suite name="Surefire suite" duration-ms="133164" started-at="2020-10-21T08:33:50Z" finished-at="2020-10-21T08:36:04Z">
    <groups>
      <group name="cucumber">
        <method signature="AbstractTestNGCucumberTests.runScenario(io.cucumber.testng.PickleEventWrapper, io.cucumber.testng.CucumberFeatureWrapper)[pri:0, instance:Runner.TestRunner@3dd3bcd]" name="runScenario" class="io.cucumber.testng.AbstractTestNGCucumberTests"/>
      </group> <!-- cucumber -->
    </groups>
    <test name="Surefire test" duration-ms="133164" started-at="2020-10-21T08:33:50Z" finished-at="2020-10-21T08:36:04Z">
      <class name="Runner.TestRunner">
        <test-method status="PASS" signature="setUpClass()[pri:0, instance:Runner.TestRunner@3dd3bcd]" name="setUpClass" is-config="true" duration-ms="280" started-at="2020-10-21T08:33:51Z" finished-at="2020-10-21T08:33:51Z">
          <reporter-output>
          </reporter-output>
        </test-method> <!-- setUpClass -->
        <test-method status="PASS" signature="runScenario(io.cucumber.testng.PickleEventWrapper, io.cucumber.testng.CucumberFeatureWrapper)[pri:0, instance:Runner.TestRunner@3dd3bcd]" name="runScenario" duration-ms="132717" started-at="2020-10-21T08:33:51Z" description="Runs Cucumber Scenarios" data-provider="scenarios" finished-at="2020-10-21T08:36:04Z">
          <params>
            <param index="0">
              <value>
                <![CDATA["Scenario Alexandrie1"]]>
              </value>
            </param>
            <param index="1">
              <value>
                <![CDATA["AlexandrieScenarioFeature"]]>
              </value>
            </param>
          </params>
          <reporter-output>
          </reporter-output>
        </test-method> <!-- runScenario -->
        <test-method status="PASS" signature="tearDownClass()[pri:0, instance:Runner.TestRunner@3dd3bcd]" name="tearDownClass" is-config="true" duration-ms="59" started-at="2020-10-21T08:36:04Z" finished-at="2020-10-21T08:36:04Z">
          <reporter-output>
          </reporter-output>
        </test-method> <!-- tearDownClass -->
      </class> <!-- Runner.TestRunner -->
    </test> <!-- Surefire test -->
  </suite> <!-- Surefire suite -->
</testng-results>
